{
  "RSpec": {
    "coverage": {
      "/Users/jessicabarclay/Projects/bank-account/spec/account_spec.rb": [
        1,
        1,
        2,
        null,
        1,
        4,
        null,
        null,
        1,
        1,
        4,
        null,
        null,
        1,
        2,
        null,
        null,
        1,
        1,
        1,
        1,
        null,
        null
      ],
      "/Users/jessicabarclay/Projects/bank-account/spec/statement_spec.rb": [
        1,
        1,
        null,
        1,
        1,
        1,
        1,
        2,
        null,
        null
      ],
      "/Users/jessicabarclay/Projects/bank-account/spec/transaction_spec.rb": [
        1,
        1,
        2,
        2,
        2,
        2,
        2,
        null
      ]
    },
    "timestamp": 1497304307
  }
}
